[16-Apr-2025 17:24:36 America/Sao_Paulo] Tentando conectar com DSN: mysql:host=[fd55:afaf::1:104];port=3306;dbname=pacsdb
[16-Apr-2025 17:24:36 America/Sao_Paulo] Conexão estabelecida com sucesso
[16-Apr-2025 18:15:53 America/Sao_Paulo] Tentando conectar com DSN: mysql:host=[fd55:afaf::1:104];port=3306;dbname=pacsdb
[16-Apr-2025 18:15:53 America/Sao_Paulo] Conexão estabelecida com sucesso
[16-Apr-2025 18:23:21 America/Sao_Paulo] Tentando conectar com DSN: mysql:host=[fd55:afaf::1:104];port=3306;dbname=pacsdb
[16-Apr-2025 18:23:21 America/Sao_Paulo] Conexão estabelecida com sucesso
[16-Apr-2025 18:25:41 America/Sao_Paulo] Tentando conectar com DSN: mysql:host=[fd55:afaf::360:0:1];port=3306;dbname=pacsdb
[16-Apr-2025 18:25:42 America/Sao_Paulo] Conexão estabelecida com sucesso
[16-Apr-2025 18:45:39 America/Sao_Paulo] Tentando conectar com DSN: mysql:host=[fd55:afaf::360:0:1];port=3306;dbname=pacsdb
[16-Apr-2025 18:45:39 America/Sao_Paulo] Conexão estabelecida com sucesso
[22-Apr-2025 11:26:13 America/Sao_Paulo] Tentando conectar com DSN: mysql:host=[fd55:afaf::360:0:1];port=3306;dbname=pacsdb
[22-Apr-2025 11:26:13 America/Sao_Paulo] Conexão estabelecida com sucesso
[22-Apr-2025 12:35:55 America/Sao_Paulo] PHP Warning:  Trying to access array offset on value of type null in C:\xampp\htdocs\knight\pages\checagem_executar.php on line 75
[22-Apr-2025 12:35:55 America/Sao_Paulo] PHP Warning:  Trying to access array offset on value of type null in C:\xampp\htdocs\knight\pages\checagem_executar.php on line 75
[22-Apr-2025 12:35:55 America/Sao_Paulo] PHP Warning:  Trying to access array offset on value of type null in C:\xampp\htdocs\knight\pages\checagem_executar.php on line 77
[22-Apr-2025 12:35:55 America/Sao_Paulo] PHP Warning:  Trying to access array offset on value of type null in C:\xampp\htdocs\knight\pages\checagem_executar.php on line 78
[22-Apr-2025 12:35:55 America/Sao_Paulo] PHP Warning:  Trying to access array offset on value of type null in C:\xampp\htdocs\knight\pages\checagem_executar.php on line 84
[22-Apr-2025 12:35:55 America/Sao_Paulo] PHP Warning:  Trying to access array offset on value of type null in C:\xampp\htdocs\knight\pages\checagem_executar.php on line 84
[22-Apr-2025 12:35:55 America/Sao_Paulo] PHP Warning:  Trying to access array offset on value of type null in C:\xampp\htdocs\knight\pages\checagem_executar.php on line 86
[22-Apr-2025 12:35:55 America/Sao_Paulo] PHP Warning:  Trying to access array offset on value of type null in C:\xampp\htdocs\knight\pages\checagem_executar.php on line 87
[22-Apr-2025 12:36:06 America/Sao_Paulo] Tentando conectar com DSN: mysql:host=[fd55:afaf::360:0:1];port=3306;dbname=pacsdb
[22-Apr-2025 12:36:06 America/Sao_Paulo] Conexão estabelecida com sucesso
[23-Apr-2025 11:41:37 America/Sao_Paulo] Tentando conectar com DSN: mysql:host=[fd55:afaf::360:0:1];port=3306;dbname=pacsdb
[23-Apr-2025 11:41:37 America/Sao_Paulo] Conexão estabelecida com sucesso
[23-Apr-2025 11:41:37 America/Sao_Paulo] PHP Warning:  Undefined array key "detalhes_aparelhos" in C:\xampp\htdocs\knight\pages\checagem_executar.php on line 104
